Drill report for /github/workspace/output/pcbs/board.kicad_pcb
Created on Tue May 28 11:23:48 2024

Copper Layer Stackup:
    =============================================================
    L1 :  F.Cu                      front
    L2 :  B.Cu                      back


Drill file 'board.drl' contains
    plated through holes:
    =============================================================
    T1  0.40mm  0.016"  (22 holes)
    T2  0.90mm  0.035"  (8 holes)  (with 8 slots)
    T3  0.99mm  0.039"  (46 holes)
    T4  1.09mm  0.043"  (48 holes)
    T5  1.30mm  0.051"  (2 holes)

    Total plated holes count 126


Not plated through holes are merged with plated holes
    unplated through holes:
    =============================================================
    T6  0.90mm  0.035"  (4 holes)
    T7  1.20mm  0.047"  (4 holes)
    T8  1.70mm  0.067"  (46 holes)
    T9  3.00mm  0.118"  (92 holes)
    T10  3.43mm  0.135"  (23 holes)

    Total unplated holes count 169
